{
  "RSpec": {
    "coverage": {
      "/home/ezenwa/tic-tac-toe-rb-online-web-sp-000/lib/tic_tac_toe.rb": [
        null,
        1,
        null,
        null,
        null,
        null,
        null,
        null,
        null,
        null,
        null,
        1,
        15,
        15,
        15,
        15,
        15,
        null,
        null,
        1,
        15,
        null,
        null,
        1,
        15,
        null,
        null,
        1,
        71,
        66,
        5,
        5,
        null,
        null,
        null,
        1,
        null,
        null,
        15,
        0,
        15,
        15,
        null,
        null,
        null,
        1,
        15,
        null,
        null,
        15,
        null,
        15,
        null,
        15,
        null,
        15,
        15,
        null,
        null,
        null,
        0,
        0,
        null,
        null,
        null,
        1,
        0,
        null,
        null,
        1,
        0,
        0,
        null,
        0,
        null,
        null,
        null,
        1,
        11,
        55,
        null,
        null,
        null,
        null,
        null,
        1,
        69,
        null,
        null,
        1,
        0,
        null,
        null,
        1,
        16,
        null,
        null,
        1,
        0,
        0,
        0,
        null,
        null,
        null,
        1,
        12,
        15,
        null,
        null
      ]
    },
    "timestamp": 1595124039
  }
}
