{
  "RSpec": {
    "coverage": {
      "/home/ezenwa/tic-tac-toe-rb-online-web-sp-000/lib/tic_tac_toe.rb": [
        null,
        1,
        null,
        null,
        null,
        null,
        null,
        null,
        null,
        null,
        null,
        1,
        2,
        2,
        2,
        2,
        2,
        null,
        null,
        1,
        3,
        null,
        null,
        1,
        3,
        null,
        null,
        1,
        9,
        6,
        3,
        3,
        null,
        null,
        null,
        1,
        null,
        null,
        3,
        1,
        2,
        1,
        null,
        null,
        null,
        1,
        0,
        null,
        null,
        0,
        null,
        0,
        null,
        0,
        null,
        0,
        0,
        null,
        null,
        null,
        0,
        0,
        null,
        null,
        null,
        1,
        20,
        null,
        null,
        1,
        1,
        0,
        null,
        null
      ]
    },
    "timestamp": 1595123180
  }
}
